<?xml version="1.0" encoding="UTF-8"?>
<!-- Generated by org.testng.reporters.JUnitReportReporter -->
<testsuite hostname="LAPTOP-OOJD2GM0" failures="0" tests="1" name="FirstClass" time="14.382" errors="0" timestamp="2023-04-27T12:07:51 IST" skipped="0">
  <testcase classname="FirstClass" name="seleniumPrac" time="14.382"/>
  <system-out/>
</testsuite> <!-- FirstClass -->
